<?xml version="1.0" encoding="UTF-8"?>
<!-- Generated by org.testng.reporters.JUnitReportReporter -->
<testsuite hostname="LT-GRADAA-30HWT" failures="0" tests="1" name="Demo.TestNGdemo" time="0.012" errors="0" timestamp="2023-12-19T10:34:45 CST" skipped="0">
  <testcase classname="Demo.TestNGdemo" name="login" time="0.012"/>
</testsuite> <!-- Demo.TestNGdemo -->
